Arguments: 
  /data/data/com.termux/files/usr/bin/node /data/data/com.termux/files/usr/share/yarn/bin/yarn.js

PATH: 
  /data/data/com.termux/files/usr/bin

Yarn version: 
  1.22.19

Node version: 
  18.7.0

Platform: 
  android arm64

Trace: 
  Error: EACCES: permission denied, symlink '../pino/bin.js' -> '/storage/emulated/0/0/node_modules/@adiwajshing/baileys/node_modules/.bin/pino'

npm manifest: 
  {
      "name": "wa-md",
      "version": "1.0.0",
      "main": "index.js",
      "dependencies": {
          "@adiwajshing/baileys": "^4.2.0",
          "@adiwajshing/keyed-db": "^0.2.4",
          "@hapi/boom": "^10.0.0",
          "axios": "^0.27.2",
          "chalk": "^4.1.0",
          "fluent-ffmpeg": "^2.1.2",
          "form-data": "^4.0.0",
          "moment-timezone": "^0.5.34",
          "pino": "^8.0.0",
          "qrcode-terminal": "^0.12.0"
      },
      "scripts": {
          "debug": "nodemon --exec \"cls && node .\" --ignore \"*.json\" --ignore \"test/*.js\"",
          "start": "node index.js"
      },
      "keywords": [],
      "author": "",
      "license": "ISC",
      "description": ""
  }

yarn manifest: 
  No manifest

Lockfile: 
  No lockfile
